<?xml version="1.0" encoding="UTF-8"?>
<testng-results ignored="0" total="2" passed="2" failed="0" skipped="0">
  <reporter-output>
  </reporter-output>
  <suite started-at="2024-02-28T11:34:03 IST" name="Suite" finished-at="2024-02-28T11:35:07 IST" duration-ms="64527">
    <groups>
    </groups>
    <test started-at="2024-02-28T11:34:03 IST" name="testng" finished-at="2024-02-28T11:35:07 IST" duration-ms="64527">
      <class name="TestNG.Axis.WriteToExcel">
        <test-method signature="fblogin()[pri:0, instance:TestNG.Axis.WriteToExcel@5dd6264]" started-at="2024-02-28T11:34:42 IST" name="fblogin" finished-at="2024-02-28T11:35:07 IST" duration-ms="25371" status="PASS">
          <reporter-output>
          </reporter-output>
        </test-method> <!-- fblogin -->
      </class> <!-- TestNG.Axis.WriteToExcel -->
      <class name="TestNG.Axis.ReadExcel">
        <test-method signature="fblogin()[pri:0, instance:TestNG.Axis.ReadExcel@163e4e87]" started-at="2024-02-28T11:34:03 IST" name="fblogin" finished-at="2024-02-28T11:34:42 IST" duration-ms="38999" status="PASS">
          <reporter-output>
          </reporter-output>
        </test-method> <!-- fblogin -->
      </class> <!-- TestNG.Axis.ReadExcel -->
    </test> <!-- testng -->
  </suite> <!-- Suite -->
</testng-results>
