<?xml version="1.0" encoding="UTF-8"?>
<testng-results ignored="0" total="1" passed="1" failed="0" skipped="0">
  <reporter-output>
  </reporter-output>
  <suite started-at="2024-02-28T11:29:39 IST" name="Default suite" finished-at="2024-02-28T11:30:03 IST" duration-ms="24228">
    <groups>
    </groups>
    <test started-at="2024-02-28T11:29:39 IST" name="Default test" finished-at="2024-02-28T11:30:03 IST" duration-ms="24228">
      <class name="TestNG.Axis.ReadExcel">
        <test-method signature="fblogin()[pri:0, instance:TestNG.Axis.ReadExcel@38c6f217]" started-at="2024-02-28T11:29:39 IST" name="fblogin" finished-at="2024-02-28T11:30:03 IST" duration-ms="24003" status="PASS">
          <reporter-output>
          </reporter-output>
        </test-method> <!-- fblogin -->
      </class> <!-- TestNG.Axis.ReadExcel -->
    </test> <!-- Default test -->
  </suite> <!-- Default suite -->
</testng-results>
